SLURM_SUBMIT_DIR=/home/doyoonkim/elsa
CUDA_HOME=
CUDA_VISIBLE_DEVICES=0
CUDA_VERSION=
Start
condaPATH
source /home/doyoonkim/anaconda3/etc/profile.d/conda.sh
conda activate
Traceback (most recent call last):
  File "/home/doyoonkim/elsa/main.py", line 2, in <module>
    import torch
  File "/home/doyoonkim/.local/lib/python3.9/site-packages/torch/__init__.py", line 415, in <module>
    _load_global_deps()
  File "/home/doyoonkim/.local/lib/python3.9/site-packages/torch/__init__.py", line 371, in _load_global_deps
    raise err
  File "/home/doyoonkim/.local/lib/python3.9/site-packages/torch/__init__.py", line 320, in _load_global_deps
    ctypes.CDLL(global_deps_lib_path, mode=ctypes.RTLD_GLOBAL)
  File "/opt/anaconda3/2022.05/lib/python3.9/ctypes/__init__.py", line 382, in __init__
    self._handle = _dlopen(self._name, mode)
OSError: /home/doyoonkim/.local/lib/python3.9/site-packages/torch/lib/libtorch_global_deps.so: cannot open shared object file: No such file or directory
Mon Feb 23 11:21:59 KST 2026
 condadeactivate tf-gpu-py36
/var/spool/slurmd/job12085/slurm_script: line 58: squeue--job: command not found
##### END #####
